# JRE version: OpenJDK Runtime Environment (11.0.9.1+1) (build 11.0.9.1+1-Ubuntu-0ubuntu1.20.04)
# Java VM: OpenJDK 64-Bit Server VM (11.0.9.1+1-Ubuntu-0ubuntu1.20.04, mixed mode, sharing, tiered, compressed oops, g1 gc, linux-amd64)
Heap:
 garbage-first heap   total 293888K, used 99470K [0x0000000085600000, 0x0000000100000000)
  region size 1024K, 52 young (53248K), 18 survivors (18432K)
 Metaspace       used 7259K, capacity 10329K, committed 10752K, reserved 1058816K
  class space    used 371K, capacity 664K, committed 768K, reserved 1048576K
GC Heap History (20 events):
Event: 0,597 GC heap before
{Heap before GC invocations=0 (full 0):
 garbage-first heap   total 129024K, used 19144K [0x0000000085600000, 0x0000000100000000)
  region size 1024K, 14 young (14336K), 0 survivors (0K)
 Metaspace       used 3001K, capacity 6668K, committed 6784K, reserved 1056768K
  class space    used 274K, capacity 584K, committed 640K, reserved 1048576K
}
Event: 0,616 GC heap after
{Heap after GC invocations=1 (full 0):
 garbage-first heap   total 129024K, used 7885K [0x0000000085600000, 0x0000000100000000)
  region size 1024K, 2 young (2048K), 2 survivors (2048K)
 Metaspace       used 3001K, capacity 6668K, committed 6784K, reserved 1056768K
  class space    used 274K, capacity 584K, committed 640K, reserved 1048576K
}
Event: 0,935 GC heap before
{Heap before GC invocations=1 (full 0):
 garbage-first heap   total 129024K, used 13005K [0x0000000085600000, 0x0000000100000000)
  region size 1024K, 8 young (8192K), 2 survivors (2048K)
 Metaspace       used 3519K, capacity 6966K, committed 7040K, reserved 1056768K
  class space    used 305K, capacity 620K, committed 640K, reserved 1048576K
}
Event: 0,960 GC heap after
{Heap after GC invocations=2 (full 0):
 garbage-first heap   total 129024K, used 9747K [0x0000000085600000, 0x0000000100000000)
  region size 1024K, 1 young (1024K), 1 survivors (1024K)
 Metaspace       used 3519K, capacity 6966K, committed 7040K, reserved 1056768K
  class space    used 305K, capacity 620K, committed 640K, reserved 1048576K
}
Event: 1,370 GC heap before
{Heap before GC invocations=2 (full 0):
 garbage-first heap   total 129024K, used 21011K [0x0000000085600000, 0x0000000100000000)
  region size 1024K, 12 young (12288K), 1 survivors (1024K)
 Metaspace       used 3828K, capacity 7230K, committed 7296K, reserved 1056768K
  class space    used 314K, capacity 623K, committed 640K, reserved 1048576K
}
Event: 1,374 GC heap after
{Heap after GC invocations=3 (full 0):
 garbage-first heap   total 129024K, used 10576K [0x0000000085600000, 0x0000000100000000)
  region size 1024K, 2 young (2048K), 2 survivors (2048K)
 Metaspace       used 3828K, capacity 7230K, committed 7296K, reserved 1056768K
  class space    used 314K, capacity 623K, committed 640K, reserved 1048576K
}
Event: 2,322 GC heap before
{Heap before GC invocations=3 (full 0):
 garbage-first heap   total 129024K, used 32080K [0x0000000085600000, 0x0000000100000000)
  region size 1024K, 22 young (22528K), 2 survivors (2048K)
 Metaspace       used 6623K, capacity 9942K, committed 10240K, reserved 1058816K
  class space    used 358K, capacity 663K, committed 768K, reserved 1048576K
}
Event: 2,346 GC heap after
{Heap after GC invocations=4 (full 0):
 garbage-first heap   total 129024K, used 11352K [0x0000000085600000, 0x0000000100000000)
  region size 1024K, 3 young (3072K), 3 survivors (3072K)
 Metaspace       used 6623K, capacity 9942K, committed 10240K, reserved 1058816K
  class space    used 358K, capacity 663K, committed 768K, reserved 1048576K
}
Event: 3,669 GC heap before
{Heap before GC invocations=4 (full 0):
 garbage-first heap   total 129024K, used 77912K [0x0000000085600000, 0x0000000100000000)
  region size 1024K, 68 young (69632K), 3 survivors (3072K)
 Metaspace       used 7024K, capacity 10201K, committed 10496K, reserved 1058816K
  class space    used 366K, capacity 664K, committed 768K, reserved 1048576K
}
Event: 3,701 GC heap after
{Heap after GC invocations=5 (full 0):
 garbage-first heap   total 199680K, used 16742K [0x0000000085600000, 0x0000000100000000)
  region size 1024K, 8 young (8192K), 8 survivors (8192K)
 Metaspace       used 7024K, capacity 10201K, committed 10496K, reserved 1058816K
  class space    used 366K, capacity 664K, committed 768K, reserved 1048576K
}
Event: 5,317 GC heap before
{Heap before GC invocations=5 (full 0):
 garbage-first heap   total 199680K, used 122214K [0x0000000085600000, 0x0000000100000000)
  region size 1024K, 111 young (113664K), 8 survivors (8192K)
 Metaspace       used 7047K, capacity 10201K, committed 10496K, reserved 1058816K
  class space    used 366K, capacity 664K, committed 768K, reserved 1048576K
}
Event: 5,346 GC heap after
{Heap after GC invocations=6 (full 0):
 garbage-first heap   total 199680K, used 24634K [0x0000000085600000, 0x0000000100000000)
  region size 1024K, 14 young (14336K), 14 survivors (14336K)
 Metaspace       used 7047K, capacity 10201K, committed 10496K, reserved 1058816K
  class space    used 366K, capacity 664K, committed 768K, reserved 1048576K
}
Event: 7,560 GC heap before
{Heap before GC invocations=6 (full 0):
 garbage-first heap   total 199680K, used 130106K [0x0000000085600000, 0x0000000100000000)
  region size 1024K, 117 young (119808K), 14 survivors (14336K)
 Metaspace       used 7078K, capacity 10201K, committed 10496K, reserved 1058816K
  class space    used 366K, capacity 664K, committed 768K, reserved 1048576K
}
Event: 7,636 GC heap after
{Heap after GC invocations=7 (full 0):
 garbage-first heap   total 199680K, used 33234K [0x0000000085600000, 0x0000000100000000)
  region size 1024K, 15 young (15360K), 15 survivors (15360K)
 Metaspace       used 7078K, capacity 10201K, committed 10496K, reserved 1058816K
  class space    used 366K, capacity 664K, committed 768K, reserved 1048576K
}
Event: 9,247 GC heap before
{Heap before GC invocations=7 (full 0):
 garbage-first heap   total 199680K, used 137682K [0x0000000085600000, 0x0000000100000000)
  region size 1024K, 117 young (119808K), 15 survivors (15360K)
 Metaspace       used 7172K, capacity 10265K, committed 10752K, reserved 1058816K
  class space    used 371K, capacity 664K, committed 768K, reserved 1048576K
}
Event: 9,284 GC heap after
{Heap after GC invocations=8 (full 0):
 garbage-first heap   total 199680K, used 42696K [0x0000000085600000, 0x0000000100000000)
  region size 1024K, 9 young (9216K), 9 survivors (9216K)
 Metaspace       used 7172K, capacity 10265K, committed 10752K, reserved 1058816K
  class space    used 371K, capacity 664K, committed 768K, reserved 1048576K
}
Event: 11,255 GC heap before
{Heap before GC invocations=8 (full 0):
 garbage-first heap   total 199680K, used 147144K [0x0000000085600000, 0x0000000100000000)
  region size 1024K, 111 young (113664K), 9 survivors (9216K)
 Metaspace       used 7230K, capacity 10265K, committed 10752K, reserved 1058816K
  class space    used 371K, capacity 664K, committed 768K, reserved 1048576K
}
Event: 11,324 GC heap after
{Heap after GC invocations=9 (full 0):
 garbage-first heap   total 293888K, used 51338K [0x0000000085600000, 0x0000000100000000)
  region size 1024K, 9 young (9216K), 9 survivors (9216K)
 Metaspace       used 7230K, capacity 10265K, committed 10752K, reserved 1058816K
  class space    used 371K, capacity 664K, committed 768K, reserved 1048576K
}
Event: 13,412 GC heap before
{Heap before GC invocations=9 (full 0):
 garbage-first heap   total 293888K, used 187530K [0x0000000085600000, 0x0000000100000000)
  region size 1024K, 142 young (145408K), 9 survivors (9216K)
 Metaspace       used 7259K, capacity 10329K, committed 10752K, reserved 1058816K
  class space    used 371K, capacity 664K, committed 768K, reserved 1048576K
}
Event: 13,468 GC heap after
{Heap after GC invocations=10 (full 0):
 garbage-first heap   total 293888K, used 65678K [0x0000000085600000, 0x0000000100000000)
  region size 1024K, 18 young (18432K), 18 survivors (18432K)
 Metaspace       used 7259K, capacity 10329K, committed 10752K, reserved 1058816K
  class space    used 371K, capacity 664K, committed 768K, reserved 1048576K
}

